[encrypter.pkg_utils.encrypt_logger] default_encrypt_log initiated at [01:11:01]
log_level set to [DEBUG] [01:11:01]
[INFO] <CharGenerator.__init__> called at [01:11:00]
[INFO] <CharGenerator.getCharacters> called at [01:11:00]
[INFO] <CharGenerator.__init__> called at [01:11:00]
[INFO] <BaseConverter.__init__> called at [01:11:00]
[INFO] <CharGenerator.getCharacters> called at [01:11:00]
[INFO] <CharGenerator.setStitch> called at [01:11:00]
[INFO] <CharGenerator.strand> called at [01:11:00]
[INFO] <CharGenerator.getStrandedDict.<locals>.returnDict> called at [01:11:01]
[INFO] <BaseConverter.baseConverter> called at [01:11:00]
[INFO] <BaseConverter.testLength> called at [01:11:00]
[INFO] <BaseConverter.baseConverter> called at [01:11:00]
[INFO] <BaseConverter.testLength> called at [01:11:00]
[INFO] <BaseConverter.baseConverter> called at [01:11:00]
[INFO] <BaseConverter.testLength> called at [01:11:00]
[INFO] <BaseConverter.baseConverter> called at [01:11:00]
[INFO] <BaseConverter.testLength> called at [01:11:00]
[INFO] <BaseConverter.baseConverter> called at [01:11:00]
[INFO] <BaseConverter.testLength> called at [01:11:00]
[INFO] <BaseConverter.baseConverter> called at [01:11:00]
[INFO] <BaseConverter.testLength> called at [01:11:00]
[INFO] <BaseConverter.baseConverter> called at [01:11:00]
[INFO] <BaseConverter.testLength> called at [01:11:00]
[INFO] <BaseConverter.baseConverter> called at [01:11:00]
[INFO] <BaseConverter.testLength> called at [01:11:00]
[INFO] <BaseConverter.baseConverter> called at [01:11:00]
[INFO] <BaseConverter.testLength> called at [01:11:00]
[INFO] <BaseConverter.baseConverter> called at [01:11:00]
[INFO] <BaseConverter.testLength> called at [01:11:00]
[INFO] <BaseConverter.baseConverter> called at [01:11:00]
[INFO] <BaseConverter.testLength> called at [01:11:00]
[INFO] <BaseConverter.baseConverter> called at [01:11:00]
[INFO] <BaseConverter.testLength> called at [01:11:00]
[INFO] <BaseConverter.baseConverter> called at [01:11:00]
[INFO] <BaseConverter.testLength> called at [01:11:00]
[INFO] <BaseConverter.baseConverter> called at [01:11:00]
[INFO] <BaseConverter.testLength> called at [01:11:00]
[INFO] <BaseConverter.baseConverter> called at [01:11:00]
[INFO] <BaseConverter.testLength> called at [01:11:00]
[INFO] <BaseConverter.baseConverter> called at [01:11:00]
[INFO] <BaseConverter.testLength> called at [01:11:00]
[INFO] <BaseConverter.baseConverter> called at [01:11:00]
[INFO] <BaseConverter.testLength> called at [01:11:00]
[INFO] <BaseConverter.baseConverter> called at [01:11:00]
[INFO] <BaseConverter.testLength> called at [01:11:00]
[INFO] <BaseConverter.baseConverter> called at [01:11:00]
[INFO] <BaseConverter.testLength> called at [01:11:00]
[INFO] <BaseConverter.baseConverter> called at [01:11:00]
[INFO] <BaseConverter.testLength> called at [01:11:00]
[INFO] <BaseConverter.baseConverter> called at [01:11:00]
[INFO] <BaseConverter.testLength> called at [01:11:00]
[INFO] <BaseConverter.baseConverter> called at [01:11:00]
[INFO] <BaseConverter.testLength> called at [01:11:00]
[INFO] <BaseConverter.baseConverter> called at [01:11:00]
[INFO] <BaseConverter.testLength> called at [01:11:00]
[INFO] <BaseConverter.baseConverter> called at [01:11:00]
[INFO] <BaseConverter.testLength> called at [01:11:00]
[INFO] <BaseConverter.baseConverter> called at [01:11:00]
[INFO] <BaseConverter.testLength> called at [01:11:00]
[INFO] <BaseConverter.baseConverter> called at [01:11:00]
[INFO] <BaseConverter.testLength> called at [01:11:00]
[INFO] <BaseConverter.baseConverter> called at [01:11:00]
[INFO] <BaseConverter.testLength> called at [01:11:00]
[INFO] <BaseConverter.baseConverter> called at [01:11:00]
[INFO] <BaseConverter.testLength> called at [01:11:00]
[INFO] <BaseConverter.baseConverter> called at [01:11:00]
[INFO] <BaseConverter.testLength> called at [01:11:00]
[INFO] <BaseConverter.baseConverter> called at [01:11:00]
[INFO] <BaseConverter.testLength> called at [01:11:00]
[INFO] <BaseConverter.baseConverter> called at [01:11:00]
[INFO] <BaseConverter.testLength> called at [01:11:00]
[INFO] <BaseConverter.baseConverter> called at [01:11:00]
[INFO] <BaseConverter.testLength> called at [01:11:00]
[INFO] <BaseConverter.baseConverter> called at [01:11:00]
[INFO] <BaseConverter.testLength> called at [01:11:00]
[INFO] <BaseConverter.baseConverter> called at [01:11:00]
[INFO] <BaseConverter.testLength> called at [01:11:00]
[INFO] <BaseConverter.baseConverter> called at [01:11:00]
[INFO] <BaseConverter.testLength> called at [01:11:00]
[INFO] <BaseConverter.baseConverter> called at [01:11:00]
[INFO] <BaseConverter.testLength> called at [01:11:00]
[INFO] <BaseConverter.baseConverter> called at [01:11:00]
[INFO] <BaseConverter.testLength> called at [01:11:00]
[INFO] <BaseConverter.baseConverter> called at [01:11:00]
[INFO] <BaseConverter.testLength> called at [01:11:00]
[INFO] <BaseConverter.baseConverter> called at [01:11:00]
[INFO] <BaseConverter.testLength> called at [01:11:00]
[INFO] <BaseConverter.baseConverter> called at [01:11:00]
[INFO] <BaseConverter.testLength> called at [01:11:00]
[INFO] <BaseConverter.baseConverter> called at [01:11:00]
[INFO] <BaseConverter.testLength> called at [01:11:00]
[INFO] <BaseConverter.baseConverter> called at [01:11:00]
[INFO] <BaseConverter.testLength> called at [01:11:00]
[INFO] <BaseConverter.baseConverter> called at [01:11:00]
[INFO] <BaseConverter.testLength> called at [01:11:00]
[INFO] <BaseConverter.baseConverter> called at [01:11:00]
[INFO] <BaseConverter.testLength> called at [01:11:00]
[INFO] <BaseConverter.baseConverter> called at [01:11:00]
[INFO] <BaseConverter.testLength> called at [01:11:00]
[INFO] <BaseConverter.baseConverter> called at [01:11:00]
[INFO] <BaseConverter.testLength> called at [01:11:00]
[INFO] <BaseConverter.baseConverter> called at [01:11:00]
[INFO] <BaseConverter.testLength> called at [01:11:00]
[INFO] <BaseConverter.baseConverter> called at [01:11:00]
[INFO] <BaseConverter.testLength> called at [01:11:00]
[INFO] <BaseConverter.baseConverter> called at [01:11:00]
[INFO] <BaseConverter.testLength> called at [01:11:00]
[INFO] <BaseConverter.baseConverter> called at [01:11:00]
[INFO] <BaseConverter.testLength> called at [01:11:00]
[INFO] <BaseConverter.baseConverter> called at [01:11:00]
[INFO] <BaseConverter.testLength> called at [01:11:00]
[INFO] <BaseConverter.baseConverter> called at [01:11:00]
[INFO] <BaseConverter.testLength> called at [01:11:00]
[INFO] <BaseConverter.baseConverter> called at [01:11:00]
[INFO] <BaseConverter.testLength> called at [01:11:00]
[INFO] <BaseConverter.baseConverter> called at [01:11:00]
[INFO] <BaseConverter.testLength> called at [01:11:00]
[INFO] <BaseConverter.baseConverter> called at [01:11:00]
[INFO] <BaseConverter.testLength> called at [01:11:00]
[INFO] <BaseConverter.baseConverter> called at [01:11:00]
[INFO] <BaseConverter.testLength> called at [01:11:00]
[INFO] <BaseConverter.baseConverter> called at [01:11:00]
[INFO] <BaseConverter.testLength> called at [01:11:00]
[INFO] <BaseConverter.baseConverter> called at [01:11:00]
[INFO] <BaseConverter.testLength> called at [01:11:00]
[INFO] <BaseConverter.baseConverter> called at [01:11:00]
[INFO] <BaseConverter.testLength> called at [01:11:00]
[INFO] <BaseConverter.baseConverter> called at [01:11:00]
[INFO] <BaseConverter.testLength> called at [01:11:00]
[INFO] <BaseConverter.baseConverter> called at [01:11:00]
[INFO] <BaseConverter.testLength> called at [01:11:00]
[INFO] <BaseConverter.baseConverter> called at [01:11:00]
[INFO] <BaseConverter.testLength> called at [01:11:00]
[INFO] <BaseConverter.baseConverter> called at [01:11:00]
[INFO] <BaseConverter.testLength> called at [01:11:00]
[INFO] <BaseConverter.baseConverter> called at [01:11:00]
[INFO] <BaseConverter.testLength> called at [01:11:00]
[INFO] <BaseConverter.baseConverter> called at [01:11:00]
[INFO] <BaseConverter.testLength> called at [01:11:00]
[INFO] <BaseConverter.baseConverter> called at [01:11:00]
[INFO] <BaseConverter.testLength> called at [01:11:00]
[INFO] <BaseConverter.baseConverter> called at [01:11:00]
[INFO] <BaseConverter.testLength> called at [01:11:00]
[INFO] <BaseConverter.baseConverter> called at [01:11:00]
[INFO] <BaseConverter.testLength> called at [01:11:00]
[INFO] <BaseConverter.baseConverter> called at [01:11:00]
[INFO] <BaseConverter.testLength> called at [01:11:00]
[INFO] <BaseConverter.baseConverter> called at [01:11:00]
[INFO] <BaseConverter.testLength> called at [01:11:00]
[INFO] <BaseConverter.baseConverter> called at [01:11:00]
[INFO] <BaseConverter.testLength> called at [01:11:00]
[INFO] <BaseConverter.baseConverter> called at [01:11:00]
[INFO] <BaseConverter.testLength> called at [01:11:00]
[INFO] <BaseConverter.baseConverter> called at [01:11:00]
[INFO] <BaseConverter.testLength> called at [01:11:00]
[INFO] <BaseConverter.baseConverter> called at [01:11:00]
[INFO] <BaseConverter.testLength> called at [01:11:00]
[INFO] <BaseConverter.baseConverter> called at [01:11:00]
[INFO] <BaseConverter.testLength> called at [01:11:00]
[INFO] <BaseConverter.baseConverter> called at [01:11:00]
[INFO] <BaseConverter.testLength> called at [01:11:00]
[INFO] <BaseConverter.baseConverter> called at [01:11:00]
[INFO] <BaseConverter.testLength> called at [01:11:00]
[INFO] <BaseConverter.baseConverter> called at [01:11:00]
[INFO] <BaseConverter.testLength> called at [01:11:00]
[INFO] <BaseConverter.baseConverter> called at [01:11:00]
[INFO] <BaseConverter.testLength> called at [01:11:00]
[INFO] <BaseConverter.baseConverter> called at [01:11:00]
[INFO] <BaseConverter.testLength> called at [01:11:00]
[INFO] <BaseConverter.baseConverter> called at [01:11:00]
[INFO] <BaseConverter.testLength> called at [01:11:00]
[INFO] <BaseConverter.baseConverter> called at [01:11:00]
[INFO] <BaseConverter.testLength> called at [01:11:00]
[INFO] <BaseConverter.baseConverter> called at [01:11:00]
[INFO] <BaseConverter.testLength> called at [01:11:00]
[INFO] <BaseConverter.baseConverter> called at [01:11:00]
[INFO] <BaseConverter.testLength> called at [01:11:00]
[INFO] <BaseConverter.baseConverter> called at [01:11:00]
[INFO] <BaseConverter.testLength> called at [01:11:00]
[INFO] <BaseConverter.baseConverter> called at [01:11:00]
[INFO] <BaseConverter.testLength> called at [01:11:00]
[INFO] <BaseConverter.baseConverter> called at [01:11:00]
[INFO] <BaseConverter.testLength> called at [01:11:00]
[INFO] <BaseConverter.baseConverter> called at [01:11:00]
[INFO] <BaseConverter.testLength> called at [01:11:00]
[INFO] <BaseConverter.baseConverter> called at [01:11:00]
[INFO] <BaseConverter.testLength> called at [01:11:00]
[INFO] <BaseConverter.baseConverter> called at [01:11:00]
[INFO] <BaseConverter.testLength> called at [01:11:00]
[INFO] <BaseConverter.baseConverter> called at [01:11:00]
[INFO] <BaseConverter.testLength> called at [01:11:00]
[INFO] <BaseConverter.baseConverter> called at [01:11:00]
[INFO] <BaseConverter.testLength> called at [01:11:00]
[INFO] <BaseConverter.baseConverter> called at [01:11:00]
[INFO] <BaseConverter.testLength> called at [01:11:00]
[INFO] <BaseConverter.baseConverter> called at [01:11:00]
[INFO] <BaseConverter.testLength> called at [01:11:00]
[INFO] <BaseConverter.baseConverter> called at [01:11:00]
[INFO] <BaseConverter.testLength> called at [01:11:00]
[INFO] <BaseConverter.getMaxLength> called at [01:11:00]
[INFO] <BaseConverter.testLength> called at [01:11:00]
[INFO] <BaseConverter.testLength> called at [01:11:00]
[INFO] <BaseConverter.testLength> called at [01:11:00]
[INFO] <BaseConverter.testLength> called at [01:11:00]
[INFO] <BaseConverter.testLength> called at [01:11:00]
[INFO] <BaseConverter.testLength> called at [01:11:00]
[INFO] <BaseConverter.testLength> called at [01:11:00]
[INFO] <BaseConverter.testLength> called at [01:11:00]
[INFO] <BaseConverter.testLength> called at [01:11:00]
[INFO] <BaseConverter.testLength> called at [01:11:00]
[INFO] <BaseConverter.testLength> called at [01:11:00]
[INFO] <BaseConverter.testLength> called at [01:11:00]
[INFO] <BaseConverter.testLength> called at [01:11:00]
[INFO] <BaseConverter.testLength> called at [01:11:00]
[INFO] <BaseConverter.testLength> called at [01:11:00]
[INFO] <BaseConverter.testLength> called at [01:11:00]
[INFO] <BaseConverter.testLength> called at [01:11:00]
[INFO] <BaseConverter.testLength> called at [01:11:00]
[INFO] <BaseConverter.testLength> called at [01:11:00]
[INFO] <BaseConverter.testLength> called at [01:11:00]
[INFO] <BaseConverter.testLength> called at [01:11:00]
[INFO] <BaseConverter.testLength> called at [01:11:00]
[INFO] <BaseConverter.testLength> called at [01:11:00]
[INFO] <BaseConverter.testLength> called at [01:11:00]
[INFO] <BaseConverter.testLength> called at [01:11:00]
[INFO] <BaseConverter.testLength> called at [01:11:00]
[INFO] <BaseConverter.testLength> called at [01:11:00]
[INFO] <BaseConverter.testLength> called at [01:11:00]
[INFO] <BaseConverter.testLength> called at [01:11:00]
[INFO] <BaseConverter.testLength> called at [01:11:00]
[INFO] <BaseConverter.testLength> called at [01:11:00]
[INFO] <BaseConverter.testLength> called at [01:11:00]
[INFO] <BaseConverter.testLength> called at [01:11:00]
[INFO] <BaseConverter.testLength> called at [01:11:00]
[INFO] <BaseConverter.testLength> called at [01:11:00]
[INFO] <BaseConverter.testLength> called at [01:11:00]
[INFO] <BaseConverter.testLength> called at [01:11:00]
[INFO] <BaseConverter.testLength> called at [01:11:00]
[INFO] <BaseConverter.testLength> called at [01:11:00]
[INFO] <BaseConverter.testLength> called at [01:11:00]
[INFO] <BaseConverter.testLength> called at [01:11:00]
[INFO] <BaseConverter.testLength> called at [01:11:00]
[INFO] <BaseConverter.testLength> called at [01:11:00]
[INFO] <BaseConverter.testLength> called at [01:11:00]
[INFO] <BaseConverter.testLength> called at [01:11:00]
[INFO] <BaseConverter.testLength> called at [01:11:00]
[INFO] <BaseConverter.testLength> called at [01:11:00]
[INFO] <BaseConverter.testLength> called at [01:11:00]
[INFO] <BaseConverter.testLength> called at [01:11:00]
[INFO] <BaseConverter.testLength> called at [01:11:00]
[INFO] <BaseConverter.testLength> called at [01:11:00]
[INFO] <BaseConverter.testLength> called at [01:11:00]
[INFO] <BaseConverter.testLength> called at [01:11:00]
[INFO] <BaseConverter.testLength> called at [01:11:00]
[INFO] <BaseConverter.testLength> called at [01:11:00]
[INFO] <BaseConverter.testLength> called at [01:11:00]
[INFO] <BaseConverter.testLength> called at [01:11:00]
[INFO] <BaseConverter.testLength> called at [01:11:00]
[INFO] <BaseConverter.testLength> called at [01:11:00]
[INFO] <BaseConverter.testLength> called at [01:11:00]
[INFO] <BaseConverter.testLength> called at [01:11:00]
[INFO] <BaseConverter.testLength> called at [01:11:00]
[INFO] <BaseConverter.testLength> called at [01:11:00]
[INFO] <BaseConverter.testLength> called at [01:11:00]
[INFO] <BaseConverter.testLength> called at [01:11:00]
[INFO] <BaseConverter.testLength> called at [01:11:00]
[INFO] <BaseConverter.testLength> called at [01:11:00]
[INFO] <BaseConverter.testLength> called at [01:11:00]
[INFO] <BaseConverter.testLength> called at [01:11:00]
[INFO] <BaseConverter.testLength> called at [01:11:00]
[INFO] <BaseConverter.testLength> called at [01:11:00]
[INFO] <BaseConverter.testLength> called at [01:11:00]
[INFO] <BaseConverter.testLength> called at [01:11:00]
[INFO] <BaseConverter.testLength> called at [01:11:00]
[INFO] <BaseConverter.testLength> called at [01:11:00]
[INFO] <BaseConverter.testLength> called at [01:11:00]
[INFO] <BaseConverter.testLength> called at [01:11:00]
[INFO] <BaseConverter.testLength> called at [01:11:00]
[INFO] <BaseConverter.testLength> called at [01:11:00]
[INFO] <BaseConverter.testLength> called at [01:11:00]
[INFO] <BaseConverter.testLength> called at [01:11:00]
[INFO] <BaseConverter.testLength> called at [01:11:00]
[INFO] <BaseConverter.testLength> called at [01:11:00]
[INFO] <BaseConverter.testLength> called at [01:11:00]
[INFO] <BaseConverter.testLength> called at [01:11:00]
[INFO] <BaseConverter.testLength> called at [01:11:00]
[INFO] <BaseConverter.testLength> called at [01:11:00]
[INFO] <BaseConverter.testLength> called at [01:11:00]
[INFO] <BaseConverter.testLength> called at [01:11:00]
[INFO] <BaseConverter.testLength> called at [01:11:00]
[INFO] <BaseConverter.testLength> called at [01:11:00]
[INFO] <BaseConverter.testLength> called at [01:11:00]
[INFO] <BaseConverter.testLength> called at [01:11:00]
[INFO] <BaseConverter.testLength> called at [01:11:00]
[INFO] <BaseConverter.testLength> called at [01:11:00]
[INFO] <BaseConverter.getMaxLength> called at [01:11:00]
