[encrypter.pkg_utils.encrypt_logger] default_encrypt_log_0 initiated at [01:14:51]
log_level set to [DEBUG] [01:14:51]
[INFO] <CharGenerator.__init__> called at [01:14:51]
[INFO] <CharGenerator.getCharacters> called at [01:14:51]
[INFO] <CharGenerator.__init__> called at [01:14:51]
[INFO] <BaseConverter.__init__> called at [01:14:51]
[INFO] <CharGenerator.getCharacters> called at [01:14:51]
[INFO] <CharGenerator.setStitch> called at [01:14:51]
[INFO] <CharGenerator.strand> called at [01:14:51]
[INFO] <CharGenerator.getStrandedDict.<locals>.returnDict> called at [01:14:51]
[INFO] <BaseConverter.baseConverter> called at [01:14:51]
[INFO] <BaseConverter.testLength> called at [01:14:51]
[INFO] <BaseConverter.baseConverter> called at [01:14:51]
[INFO] <BaseConverter.testLength> called at [01:14:51]
[INFO] <BaseConverter.baseConverter> called at [01:14:51]
[INFO] <BaseConverter.testLength> called at [01:14:51]
[INFO] <BaseConverter.baseConverter> called at [01:14:51]
[INFO] <BaseConverter.testLength> called at [01:14:51]
[INFO] <BaseConverter.baseConverter> called at [01:14:51]
[INFO] <BaseConverter.testLength> called at [01:14:51]
[INFO] <BaseConverter.baseConverter> called at [01:14:51]
[INFO] <BaseConverter.testLength> called at [01:14:51]
[INFO] <BaseConverter.baseConverter> called at [01:14:51]
[INFO] <BaseConverter.testLength> called at [01:14:51]
[INFO] <BaseConverter.baseConverter> called at [01:14:51]
[INFO] <BaseConverter.testLength> called at [01:14:51]
[INFO] <BaseConverter.baseConverter> called at [01:14:51]
[INFO] <BaseConverter.testLength> called at [01:14:51]
[INFO] <BaseConverter.baseConverter> called at [01:14:51]
[INFO] <BaseConverter.testLength> called at [01:14:51]
[INFO] <BaseConverter.baseConverter> called at [01:14:51]
[INFO] <BaseConverter.testLength> called at [01:14:51]
[INFO] <BaseConverter.baseConverter> called at [01:14:51]
[INFO] <BaseConverter.testLength> called at [01:14:51]
[INFO] <BaseConverter.baseConverter> called at [01:14:51]
[INFO] <BaseConverter.testLength> called at [01:14:51]
[INFO] <BaseConverter.baseConverter> called at [01:14:51]
[INFO] <BaseConverter.testLength> called at [01:14:51]
[INFO] <BaseConverter.baseConverter> called at [01:14:51]
[INFO] <BaseConverter.testLength> called at [01:14:51]
[INFO] <BaseConverter.baseConverter> called at [01:14:51]
[INFO] <BaseConverter.testLength> called at [01:14:51]
[INFO] <BaseConverter.baseConverter> called at [01:14:51]
[INFO] <BaseConverter.testLength> called at [01:14:51]
[INFO] <BaseConverter.baseConverter> called at [01:14:51]
[INFO] <BaseConverter.testLength> called at [01:14:51]
[INFO] <BaseConverter.baseConverter> called at [01:14:51]
[INFO] <BaseConverter.testLength> called at [01:14:51]
[INFO] <BaseConverter.baseConverter> called at [01:14:51]
[INFO] <BaseConverter.testLength> called at [01:14:51]
[INFO] <BaseConverter.baseConverter> called at [01:14:51]
[INFO] <BaseConverter.testLength> called at [01:14:51]
[INFO] <BaseConverter.baseConverter> called at [01:14:51]
[INFO] <BaseConverter.testLength> called at [01:14:51]
[INFO] <BaseConverter.baseConverter> called at [01:14:51]
[INFO] <BaseConverter.testLength> called at [01:14:51]
[INFO] <BaseConverter.baseConverter> called at [01:14:51]
[INFO] <BaseConverter.testLength> called at [01:14:51]
[INFO] <BaseConverter.baseConverter> called at [01:14:51]
[INFO] <BaseConverter.testLength> called at [01:14:51]
[INFO] <BaseConverter.baseConverter> called at [01:14:51]
[INFO] <BaseConverter.testLength> called at [01:14:51]
[INFO] <BaseConverter.baseConverter> called at [01:14:51]
[INFO] <BaseConverter.testLength> called at [01:14:51]
[INFO] <BaseConverter.baseConverter> called at [01:14:51]
[INFO] <BaseConverter.testLength> called at [01:14:51]
[INFO] <BaseConverter.baseConverter> called at [01:14:51]
[INFO] <BaseConverter.testLength> called at [01:14:51]
[INFO] <BaseConverter.baseConverter> called at [01:14:51]
[INFO] <BaseConverter.testLength> called at [01:14:51]
[INFO] <BaseConverter.baseConverter> called at [01:14:51]
[INFO] <BaseConverter.testLength> called at [01:14:51]
[INFO] <BaseConverter.baseConverter> called at [01:14:51]
[INFO] <BaseConverter.testLength> called at [01:14:51]
[INFO] <BaseConverter.baseConverter> called at [01:14:51]
[INFO] <BaseConverter.testLength> called at [01:14:51]
[INFO] <BaseConverter.baseConverter> called at [01:14:51]
[INFO] <BaseConverter.testLength> called at [01:14:51]
[INFO] <BaseConverter.baseConverter> called at [01:14:51]
[INFO] <BaseConverter.testLength> called at [01:14:51]
[INFO] <BaseConverter.baseConverter> called at [01:14:51]
[INFO] <BaseConverter.testLength> called at [01:14:51]
[INFO] <BaseConverter.baseConverter> called at [01:14:51]
[INFO] <BaseConverter.testLength> called at [01:14:51]
[INFO] <BaseConverter.baseConverter> called at [01:14:51]
[INFO] <BaseConverter.testLength> called at [01:14:51]
[INFO] <BaseConverter.baseConverter> called at [01:14:51]
[INFO] <BaseConverter.testLength> called at [01:14:51]
[INFO] <BaseConverter.baseConverter> called at [01:14:51]
[INFO] <BaseConverter.testLength> called at [01:14:51]
[INFO] <BaseConverter.baseConverter> called at [01:14:51]
[INFO] <BaseConverter.testLength> called at [01:14:51]
[INFO] <BaseConverter.baseConverter> called at [01:14:51]
[INFO] <BaseConverter.testLength> called at [01:14:51]
[INFO] <BaseConverter.baseConverter> called at [01:14:51]
[INFO] <BaseConverter.testLength> called at [01:14:51]
[INFO] <BaseConverter.baseConverter> called at [01:14:51]
[INFO] <BaseConverter.testLength> called at [01:14:51]
[INFO] <BaseConverter.baseConverter> called at [01:14:51]
[INFO] <BaseConverter.testLength> called at [01:14:51]
[INFO] <BaseConverter.baseConverter> called at [01:14:51]
[INFO] <BaseConverter.testLength> called at [01:14:51]
[INFO] <BaseConverter.baseConverter> called at [01:14:51]
[INFO] <BaseConverter.testLength> called at [01:14:51]
[INFO] <BaseConverter.baseConverter> called at [01:14:51]
[INFO] <BaseConverter.testLength> called at [01:14:51]
[INFO] <BaseConverter.baseConverter> called at [01:14:51]
[INFO] <BaseConverter.testLength> called at [01:14:51]
[INFO] <BaseConverter.baseConverter> called at [01:14:51]
[INFO] <BaseConverter.testLength> called at [01:14:51]
[INFO] <BaseConverter.baseConverter> called at [01:14:51]
[INFO] <BaseConverter.testLength> called at [01:14:51]
[INFO] <BaseConverter.baseConverter> called at [01:14:51]
[INFO] <BaseConverter.testLength> called at [01:14:51]
[INFO] <BaseConverter.baseConverter> called at [01:14:51]
[INFO] <BaseConverter.testLength> called at [01:14:51]
[INFO] <BaseConverter.baseConverter> called at [01:14:51]
[INFO] <BaseConverter.testLength> called at [01:14:51]
[INFO] <BaseConverter.baseConverter> called at [01:14:51]
[INFO] <BaseConverter.testLength> called at [01:14:51]
[INFO] <BaseConverter.baseConverter> called at [01:14:51]
[INFO] <BaseConverter.testLength> called at [01:14:51]
[INFO] <BaseConverter.baseConverter> called at [01:14:51]
[INFO] <BaseConverter.testLength> called at [01:14:51]
[INFO] <BaseConverter.baseConverter> called at [01:14:51]
[INFO] <BaseConverter.testLength> called at [01:14:51]
[INFO] <BaseConverter.baseConverter> called at [01:14:51]
[INFO] <BaseConverter.testLength> called at [01:14:51]
[INFO] <BaseConverter.baseConverter> called at [01:14:51]
[INFO] <BaseConverter.testLength> called at [01:14:51]
[INFO] <BaseConverter.baseConverter> called at [01:14:51]
[INFO] <BaseConverter.testLength> called at [01:14:51]
[INFO] <BaseConverter.baseConverter> called at [01:14:51]
[INFO] <BaseConverter.testLength> called at [01:14:51]
[INFO] <BaseConverter.baseConverter> called at [01:14:51]
[INFO] <BaseConverter.testLength> called at [01:14:51]
[INFO] <BaseConverter.baseConverter> called at [01:14:51]
[INFO] <BaseConverter.testLength> called at [01:14:51]
[INFO] <BaseConverter.baseConverter> called at [01:14:51]
[INFO] <BaseConverter.testLength> called at [01:14:51]
[INFO] <BaseConverter.baseConverter> called at [01:14:51]
[INFO] <BaseConverter.testLength> called at [01:14:51]
[INFO] <BaseConverter.baseConverter> called at [01:14:51]
[INFO] <BaseConverter.testLength> called at [01:14:51]
[INFO] <BaseConverter.baseConverter> called at [01:14:51]
[INFO] <BaseConverter.testLength> called at [01:14:51]
[INFO] <BaseConverter.baseConverter> called at [01:14:51]
[INFO] <BaseConverter.testLength> called at [01:14:51]
[INFO] <BaseConverter.baseConverter> called at [01:14:51]
[INFO] <BaseConverter.testLength> called at [01:14:51]
[INFO] <BaseConverter.baseConverter> called at [01:14:51]
[INFO] <BaseConverter.testLength> called at [01:14:51]
[INFO] <BaseConverter.baseConverter> called at [01:14:51]
[INFO] <BaseConverter.testLength> called at [01:14:51]
[INFO] <BaseConverter.baseConverter> called at [01:14:51]
[INFO] <BaseConverter.testLength> called at [01:14:51]
[INFO] <BaseConverter.baseConverter> called at [01:14:51]
[INFO] <BaseConverter.testLength> called at [01:14:51]
[INFO] <BaseConverter.baseConverter> called at [01:14:51]
[INFO] <BaseConverter.testLength> called at [01:14:51]
[INFO] <BaseConverter.baseConverter> called at [01:14:51]
[INFO] <BaseConverter.testLength> called at [01:14:51]
[INFO] <BaseConverter.baseConverter> called at [01:14:51]
[INFO] <BaseConverter.testLength> called at [01:14:51]
[INFO] <BaseConverter.baseConverter> called at [01:14:51]
[INFO] <BaseConverter.testLength> called at [01:14:51]
[INFO] <BaseConverter.baseConverter> called at [01:14:51]
[INFO] <BaseConverter.testLength> called at [01:14:51]
[INFO] <BaseConverter.baseConverter> called at [01:14:51]
[INFO] <BaseConverter.testLength> called at [01:14:51]
[INFO] <BaseConverter.baseConverter> called at [01:14:51]
[INFO] <BaseConverter.testLength> called at [01:14:51]
[INFO] <BaseConverter.baseConverter> called at [01:14:51]
[INFO] <BaseConverter.testLength> called at [01:14:51]
[INFO] <BaseConverter.baseConverter> called at [01:14:51]
[INFO] <BaseConverter.testLength> called at [01:14:51]
[INFO] <BaseConverter.baseConverter> called at [01:14:51]
[INFO] <BaseConverter.testLength> called at [01:14:51]
[INFO] <BaseConverter.baseConverter> called at [01:14:51]
[INFO] <BaseConverter.testLength> called at [01:14:51]
[INFO] <BaseConverter.baseConverter> called at [01:14:51]
[INFO] <BaseConverter.testLength> called at [01:14:51]
[INFO] <BaseConverter.baseConverter> called at [01:14:51]
[INFO] <BaseConverter.testLength> called at [01:14:51]
[INFO] <BaseConverter.baseConverter> called at [01:14:51]
[INFO] <BaseConverter.testLength> called at [01:14:51]
[INFO] <BaseConverter.baseConverter> called at [01:14:51]
[INFO] <BaseConverter.testLength> called at [01:14:51]
[INFO] <BaseConverter.baseConverter> called at [01:14:51]
[INFO] <BaseConverter.testLength> called at [01:14:51]
[INFO] <BaseConverter.baseConverter> called at [01:14:51]
[INFO] <BaseConverter.testLength> called at [01:14:51]
[INFO] <BaseConverter.baseConverter> called at [01:14:51]
[INFO] <BaseConverter.testLength> called at [01:14:51]
[INFO] <BaseConverter.baseConverter> called at [01:14:51]
[INFO] <BaseConverter.testLength> called at [01:14:51]
[INFO] <BaseConverter.baseConverter> called at [01:14:51]
[INFO] <BaseConverter.testLength> called at [01:14:51]
[INFO] <BaseConverter.baseConverter> called at [01:14:51]
[INFO] <BaseConverter.testLength> called at [01:14:51]
[INFO] <BaseConverter.getMaxLength> called at [01:14:51]
[INFO] <BaseConverter.testLength> called at [01:14:51]
[INFO] <BaseConverter.testLength> called at [01:14:51]
[INFO] <BaseConverter.testLength> called at [01:14:51]
[INFO] <BaseConverter.testLength> called at [01:14:51]
[INFO] <BaseConverter.testLength> called at [01:14:51]
[INFO] <BaseConverter.testLength> called at [01:14:51]
[INFO] <BaseConverter.testLength> called at [01:14:51]
[INFO] <BaseConverter.testLength> called at [01:14:51]
[INFO] <BaseConverter.testLength> called at [01:14:51]
[INFO] <BaseConverter.testLength> called at [01:14:51]
[INFO] <BaseConverter.testLength> called at [01:14:51]
[INFO] <BaseConverter.testLength> called at [01:14:51]
[INFO] <BaseConverter.testLength> called at [01:14:51]
[INFO] <BaseConverter.testLength> called at [01:14:51]
[INFO] <BaseConverter.testLength> called at [01:14:51]
[INFO] <BaseConverter.testLength> called at [01:14:51]
[INFO] <BaseConverter.testLength> called at [01:14:51]
[INFO] <BaseConverter.testLength> called at [01:14:51]
[INFO] <BaseConverter.testLength> called at [01:14:51]
[INFO] <BaseConverter.testLength> called at [01:14:51]
[INFO] <BaseConverter.testLength> called at [01:14:51]
[INFO] <BaseConverter.testLength> called at [01:14:51]
[INFO] <BaseConverter.testLength> called at [01:14:51]
[INFO] <BaseConverter.testLength> called at [01:14:51]
[INFO] <BaseConverter.testLength> called at [01:14:51]
[INFO] <BaseConverter.testLength> called at [01:14:51]
[INFO] <BaseConverter.testLength> called at [01:14:51]
[INFO] <BaseConverter.testLength> called at [01:14:51]
[INFO] <BaseConverter.testLength> called at [01:14:51]
[INFO] <BaseConverter.testLength> called at [01:14:51]
[INFO] <BaseConverter.testLength> called at [01:14:51]
[INFO] <BaseConverter.testLength> called at [01:14:51]
[INFO] <BaseConverter.testLength> called at [01:14:51]
[INFO] <BaseConverter.testLength> called at [01:14:51]
[INFO] <BaseConverter.testLength> called at [01:14:51]
[INFO] <BaseConverter.testLength> called at [01:14:51]
[INFO] <BaseConverter.testLength> called at [01:14:51]
[INFO] <BaseConverter.testLength> called at [01:14:51]
[INFO] <BaseConverter.testLength> called at [01:14:51]
[INFO] <BaseConverter.testLength> called at [01:14:51]
[INFO] <BaseConverter.testLength> called at [01:14:51]
[INFO] <BaseConverter.testLength> called at [01:14:51]
[INFO] <BaseConverter.testLength> called at [01:14:51]
[INFO] <BaseConverter.testLength> called at [01:14:51]
[INFO] <BaseConverter.testLength> called at [01:14:51]
[INFO] <BaseConverter.testLength> called at [01:14:51]
[INFO] <BaseConverter.testLength> called at [01:14:51]
[INFO] <BaseConverter.testLength> called at [01:14:51]
[INFO] <BaseConverter.testLength> called at [01:14:51]
[INFO] <BaseConverter.testLength> called at [01:14:51]
[INFO] <BaseConverter.testLength> called at [01:14:51]
[INFO] <BaseConverter.testLength> called at [01:14:51]
[INFO] <BaseConverter.testLength> called at [01:14:51]
[INFO] <BaseConverter.testLength> called at [01:14:51]
[INFO] <BaseConverter.testLength> called at [01:14:51]
[INFO] <BaseConverter.testLength> called at [01:14:51]
[INFO] <BaseConverter.testLength> called at [01:14:51]
[INFO] <BaseConverter.testLength> called at [01:14:51]
[INFO] <BaseConverter.testLength> called at [01:14:51]
[INFO] <BaseConverter.testLength> called at [01:14:51]
[INFO] <BaseConverter.testLength> called at [01:14:51]
[INFO] <BaseConverter.testLength> called at [01:14:51]
[INFO] <BaseConverter.testLength> called at [01:14:51]
[INFO] <BaseConverter.testLength> called at [01:14:51]
[INFO] <BaseConverter.testLength> called at [01:14:51]
[INFO] <BaseConverter.testLength> called at [01:14:51]
[INFO] <BaseConverter.testLength> called at [01:14:51]
[INFO] <BaseConverter.testLength> called at [01:14:51]
[INFO] <BaseConverter.testLength> called at [01:14:51]
[INFO] <BaseConverter.testLength> called at [01:14:51]
[INFO] <BaseConverter.testLength> called at [01:14:51]
[INFO] <BaseConverter.testLength> called at [01:14:51]
[INFO] <BaseConverter.testLength> called at [01:14:51]
[INFO] <BaseConverter.testLength> called at [01:14:51]
[INFO] <BaseConverter.testLength> called at [01:14:51]
[INFO] <BaseConverter.testLength> called at [01:14:51]
[INFO] <BaseConverter.testLength> called at [01:14:51]
[INFO] <BaseConverter.testLength> called at [01:14:51]
[INFO] <BaseConverter.testLength> called at [01:14:51]
[INFO] <BaseConverter.testLength> called at [01:14:51]
[INFO] <BaseConverter.testLength> called at [01:14:51]
[INFO] <BaseConverter.testLength> called at [01:14:51]
[INFO] <BaseConverter.testLength> called at [01:14:51]
[INFO] <BaseConverter.testLength> called at [01:14:51]
[INFO] <BaseConverter.testLength> called at [01:14:51]
[INFO] <BaseConverter.testLength> called at [01:14:51]
[INFO] <BaseConverter.testLength> called at [01:14:51]
[INFO] <BaseConverter.testLength> called at [01:14:51]
[INFO] <BaseConverter.testLength> called at [01:14:51]
[INFO] <BaseConverter.testLength> called at [01:14:51]
[INFO] <BaseConverter.testLength> called at [01:14:51]
[INFO] <BaseConverter.testLength> called at [01:14:51]
[INFO] <BaseConverter.testLength> called at [01:14:51]
[INFO] <BaseConverter.testLength> called at [01:14:51]
[INFO] <BaseConverter.testLength> called at [01:14:51]
[INFO] <BaseConverter.getMaxLength> called at [01:14:51]
